<?xml version="1.0" encoding="UTF-8"?>
<testsuite xmlns:xsi="http://www.w3.org/2001/XMLSchema-instance" xsi:noNamespaceSchemaLocation="https://maven.apache.org/surefire/maven-surefire-plugin/xsd/surefire-test-report-3.0.xsd" version="3.0" name="TestImovelService" time="1.124" tests="7" errors="0" skipped="0" failures="0">
  <properties>
[...]
</properties>
  <testcase name="testCadastrarImovelComSucesso" classname="TestImovelService" time="1.085"/>
  <testcase name="testApagarImovelComIdVazio" classname="TestImovelService" time="0.005"/>
  <testcase name="testAtualizarImovelComImovelInvalido" classname="TestImovelService" time="0.002"/>
  <testcase name="testCadastrarImovelComDadosInvalidos" classname="TestImovelService" time="0.002"/>
  <testcase name="testApagarImovelComSucesso" classname="TestImovelService" time="0.002"/>
  <testcase name="testAtualizarImovelComIdVazio" classname="TestImovelService" time="0.002"/>
  <testcase name="testAtualizarImovelComSucesso" classname="TestImovelService" time="0.002"/>
</testsuite>